<?xml version="1.0" encoding="UTF-8"?>
<testng-results ignored="0" total="1" passed="1" failed="0" skipped="0">
  <reporter-output>
  </reporter-output>
  <suite started-at="2021-08-18T00:27:33 PDT" name="Suite" finished-at="2021-08-18T00:27:44 PDT" duration-ms="10679">
    <groups>
    </groups>
    <test started-at="2021-08-18T00:27:33 PDT" name="Test" finished-at="2021-08-18T00:27:44 PDT" duration-ms="10679">
      <class name="testing.TitleTest">
        <test-method signature="testing()[pri:0, instance:testing.TitleTest@61d6015a]" started-at="2021-08-18T00:27:34 PDT" name="testing" finished-at="2021-08-18T00:27:44 PDT" duration-ms="10589" status="PASS">
          <reporter-output>
          </reporter-output>
        </test-method> <!-- testing -->
      </class> <!-- testing.TitleTest -->
    </test> <!-- Test -->
  </suite> <!-- Suite -->
</testng-results>
